<?xml version="1.0" encoding="UTF-8"?>
<!-- Generated by org.testng.reporters.JUnitReportReporter -->
<testsuite skipped="0" hostname="AQMIT-DSK-10257" name="Day1.second" tests="3" failures="0" timestamp="2022-09-08T18:15:42 IST" time="3.545" errors="0">
  <testcase name="f" time="2.506" classname="Day1.second"/>
  <system-out/>
  <testcase name="f" time="0.486" classname="Day1.second"/>
  <system-out/>
  <testcase name="f" time="0.553" classname="Day1.second"/>
  <system-out/>
</testsuite> <!-- Day1.second -->
