<?xml version="1.0" encoding="UTF-8"?>
<!-- Generated by org.testng.reporters.JUnitReportReporter -->
<testsuite skipped="0" hostname="AQMIT-DSK-10257" name="Day1.First" tests="3" failures="0" timestamp="2022-09-08T13:00:30 IST" time="3.532" errors="0">
  <testcase name="f" time="0.565" classname="Day1.First"/>
  <system-out/>
  <testcase name="f" time="2.547" classname="Day1.First"/>
  <system-out/>
  <testcase name="f" time="0.420" classname="Day1.First"/>
  <system-out/>
</testsuite> <!-- Day1.First -->
